1619163234509	geckodriver	INFO	Listening on 127.0.0.1:58003
1619163234514	mozrunner::runner	INFO	Running command: "/usr/bin/firefox" "--marionette" "-foreground" "-no-remote" "-profile" "/tmp/rust_mozprofilezZrIEz"
console.warn: SearchSettings: "get: No settings file exists, new profile?" (new Error("", "(unknown module)"))
1619163237240	Marionette	INFO	Listening on port 38205
1619163237352	Marionette	WARN	TLS certificate errors will be ignored for this session
JavaScript warning: https://www.google.fr/maps/search/Generali%20%20%20Haiti/@33.0,65.0,3z line 1435 > injectedScript, line 5362: WebGL warning: texSubImage: Texture has not been initialized prior to a partial upload, forcing the browser to clear it. This may be slow.
JavaScript warning: https://www.google.fr/maps/search/Generali%20%20%20Haiti/@33.0,65.0,3z line 1435 > injectedScript, line 5362: WebGL warning: texSubImage: Tex image TEXTURE_2D level 0 is incurring lazy initialization.
JavaScript warning: https://www.google.fr/maps/search/Generali%20%20%20Haiti/@33.0,65.0,3z line 1435 > injectedScript, line 5362: WebGL warning: texSubImage: Texture has not been initialized prior to a partial upload, forcing the browser to clear it. This may be slow.
JavaScript warning: https://www.google.fr/maps/search/Generali%20%20%20Haiti/@33.0,65.0,3z line 1435 > injectedScript, line 5362: WebGL warning: texSubImage: Tex image TEXTURE_2D level 0 is incurring lazy initialization.
JavaScript warning: https://www.google.fr/maps/search/Generali%20%20%20Haiti/@33.0,65.0,3z line 1435 > injectedScript, line 5362: WebGL warning: texSubImage: Texture has not been initialized prior to a partial upload, forcing the browser to clear it. This may be slow.
JavaScript warning: https://www.google.fr/maps/search/Generali%20%20%20Haiti/@33.0,65.0,3z line 1435 > injectedScript, line 5362: WebGL warning: texSubImage: Tex image TEXTURE_2D level 0 is incurring lazy initialization.
JavaScript warning: https://www.google.fr/maps/search/Generali%20%20%20Haiti/@33.0,65.0,3z line 1435 > injectedScript, line 5362: WebGL warning: texSubImage: Texture has not been initialized prior to a partial upload, forcing the browser to clear it. This may be slow.
JavaScript warning: https://www.google.fr/maps/search/Generali%20%20%20Haiti/@33.0,65.0,3z line 1435 > injectedScript, line 5362: WebGL warning: texSubImage: Tex image TEXTURE_2D level 0 is incurring lazy initialization.
1619163258343	Marionette	INFO	Stopped listening on port 38205

###!!! [Parent][RunMessage] Error: Channel closing: too late to send/recv, messages will be lost

1619163551186	geckodriver	INFO	Listening on 127.0.0.1:40641
1619163551191	mozrunner::runner	INFO	Running command: "/usr/bin/firefox" "--marionette" "-foreground" "-no-remote" "-profile" "/tmp/rust_mozprofiletQ9CGK"
console.warn: SearchSettings: "get: No settings file exists, new profile?" (new Error("", "(unknown module)"))
Exiting due to channel error.
[GFX1-]: Receive IPC close with reason=AbnormalShutdown
Exiting due to channel error.
1619163737245	geckodriver	INFO	Listening on 127.0.0.1:51813
1619163737249	mozrunner::runner	INFO	Running command: "/usr/bin/firefox" "--marionette" "-foreground" "-no-remote" "-profile" "/tmp/rust_mozprofile7wqOY6"
console.warn: SearchSettings: "get: No settings file exists, new profile?" (new Error("", "(unknown module)"))
1619163739845	Marionette	INFO	Listening on port 34037
1619163739884	Marionette	WARN	TLS certificate errors will be ignored for this session
1619163755526	Marionette	INFO	Stopped listening on port 34037

###!!! [Parent][RunMessage] Error: Channel closing: too late to send/recv, messages will be lost

1619163788546	geckodriver	INFO	Listening on 127.0.0.1:38835
1619163788550	mozrunner::runner	INFO	Running command: "/usr/bin/firefox" "--marionette" "-foreground" "-no-remote" "-profile" "/tmp/rust_mozprofileDBvSjy"
